{
  "RSpec": {
    "coverage": {
      "/Users/millsprovosty/turing/all_mod_3/project/rails_engine_api/config/environment.rb": [
        null,
        1,
        null,
        null,
        1
      ],
      "/Users/millsprovosty/turing/all_mod_3/project/rails_engine_api/config/application.rb": [
        1,
        null,
        1,
        null,
        1,
        1,
        1,
        1,
        1,
        1,
        1,
        1,
        null,
        null,
        null,
        null,
        null,
        1,
        null,
        1,
        1,
        null,
        1,
        null,
        null,
        null,
        null,
        null,
        null,
        null,
        null,
        null,
        1,
        null,
        null
      ],
      "/Users/millsprovosty/turing/all_mod_3/project/rails_engine_api/config/boot.rb": [
        1,
        null,
        1,
        1
      ],
      "/Users/millsprovosty/turing/all_mod_3/project/rails_engine_api/config/environments/test.rb": [
        1,
        null,
        null,
        null,
        null,
        null,
        null,
        1,
        null,
        null,
        null,
        null,
        1,
        null,
        null,
        1,
        1,
        null,
        null,
        null,
        null,
        1,
        1,
        null,
        null,
        1,
        null,
        null,
        1,
        null,
        null,
        1,
        null,
        1,
        null,
        null,
        null,
        null,
        1,
        null,
        null,
        1,
        null,
        null,
        null,
        null
      ],
      "/Users/millsprovosty/turing/all_mod_3/project/rails_engine_api/config/initializers/application_controller_renderer.rb": [
        null,
        null,
        null,
        null,
        null,
        null,
        null,
        null
      ],
      "/Users/millsprovosty/turing/all_mod_3/project/rails_engine_api/config/initializers/backtrace_silencers.rb": [
        null,
        null,
        null,
        null,
        null,
        null,
        null
      ],
      "/Users/millsprovosty/turing/all_mod_3/project/rails_engine_api/config/initializers/cors.rb": [
        null,
        null,
        null,
        null,
        null,
        null,
        null,
        null,
        null,
        null,
        null,
        null,
        null,
        null,
        null,
        null
      ],
      "/Users/millsprovosty/turing/all_mod_3/project/rails_engine_api/config/initializers/filter_parameter_logging.rb": [
        null,
        null,
        null,
        1
      ],
      "/Users/millsprovosty/turing/all_mod_3/project/rails_engine_api/config/initializers/inflections.rb": [
        null,
        null,
        null,
        null,
        null,
        null,
        null,
        null,
        null,
        null,
        null,
        null,
        null,
        null,
        null,
        null
      ],
      "/Users/millsprovosty/turing/all_mod_3/project/rails_engine_api/config/initializers/mime_types.rb": [
        null,
        null,
        null,
        null
      ],
      "/Users/millsprovosty/turing/all_mod_3/project/rails_engine_api/config/initializers/wrap_parameters.rb": [
        null,
        null,
        null,
        null,
        null,
        null,
        1,
        2,
        null,
        null,
        null,
        null,
        null,
        null
      ],
      "/Users/millsprovosty/turing/all_mod_3/project/rails_engine_api/spec/factories/customers.rb": [
        1,
        1,
        1,
        1,
        null,
        null
      ],
      "/Users/millsprovosty/turing/all_mod_3/project/rails_engine_api/spec/factories/invoice_items.rb": [
        1,
        1,
        1,
        1,
        6,
        6,
        null,
        null
      ],
      "/Users/millsprovosty/turing/all_mod_3/project/rails_engine_api/spec/factories/invoices.rb": [
        1,
        1,
        2,
        1,
        2,
        null,
        null
      ],
      "/Users/millsprovosty/turing/all_mod_3/project/rails_engine_api/spec/factories/items.rb": [
        1,
        1,
        13,
        13,
        13,
        1,
        null,
        null
      ],
      "/Users/millsprovosty/turing/all_mod_3/project/rails_engine_api/spec/factories/merchants.rb": [
        1,
        1,
        4,
        null,
        null
      ],
      "/Users/millsprovosty/turing/all_mod_3/project/rails_engine_api/spec/factories/transactions.rb": [
        1,
        1,
        1,
        1,
        1,
        1,
        null,
        null
      ],
      "/Users/millsprovosty/turing/all_mod_3/project/rails_engine_api/config/routes.rb": [
        1,
        null,
        null,
        1,
        1,
        1,
        1,
        1,
        null,
        null,
        1,
        1,
        null,
        null,
        null,
        null
      ],
      "/Users/millsprovosty/turing/all_mod_3/project/rails_engine_api/app/models/merchant.rb": [
        1,
        1,
        1,
        1,
        null
      ],
      "/Users/millsprovosty/turing/all_mod_3/project/rails_engine_api/app/models/application_record.rb": [
        1,
        1,
        null
      ],
      "/Users/millsprovosty/turing/all_mod_3/project/rails_engine_api/app/models/item.rb": [
        1,
        1,
        null,
        1,
        1,
        null,
        1,
        null
      ],
      "/Users/millsprovosty/turing/all_mod_3/project/rails_engine_api/app/controllers/api/v1/items_controller.rb": [
        1,
        1,
        1,
        null,
        null,
        1,
        1,
        null,
        null
      ],
      "/Users/millsprovosty/turing/all_mod_3/project/rails_engine_api/app/controllers/application_controller.rb": [
        1,
        null
      ],
      "/Users/millsprovosty/turing/all_mod_3/project/rails_engine_api/app/serializers/item_serializer.rb": [
        1,
        1,
        1,
        null
      ],
      "/Users/millsprovosty/turing/all_mod_3/project/rails_engine_api/app/models/invoice.rb": [
        1,
        1,
        1,
        1,
        null,
        1,
        null
      ],
      "/Users/millsprovosty/turing/all_mod_3/project/rails_engine_api/app/models/invoice_item.rb": [
        1,
        1,
        1,
        null,
        1,
        null
      ],
      "/Users/millsprovosty/turing/all_mod_3/project/rails_engine_api/app/controllers/api/v1/invoice_items_controller.rb": [
        1,
        1,
        1,
        null,
        null
      ],
      "/Users/millsprovosty/turing/all_mod_3/project/rails_engine_api/app/serializers/invoice_item_serializer.rb": [
        1,
        1,
        1,
        null
      ]
    },
    "timestamp": 1561512019
  }
}
